ARGA0017	ASPB0118	-0.42
ARGA0018	ARGB0120	0.70
ARGA0018	GLNB0119	-2.26
ARGA0018	GLNB0456	-1.55
ARGA0019	ARGA0023	0.51
ARGA0019	GLNA0020	0.50
ARGA0028	ARGA0205	1.08
ARGA0028	ARGB0028	0.43
ARGA0028	ARGB0205	1.69
ARGA0028	ARGB0403	0.86
ARGA0028	ASPA0029	-3.20
ARGA0028	ASPB0029	-0.37
ARGA0028	GLUA0172	-0.89
ARGA0028	GLUA0202	-0.42
ARGA0028	GLUB0113	-0.87
ARGA0028	GLUB0202	-1.44
ARGA0028	GLUB0203	-0.64
ARGA0028	LYSA0216	1.38
ARGA0064	ARGA0147	0.48
ARGA0064	ARGA0340	0.41
ARGA0064	GLUA0148	-0.38
ARGA0098	ARGA0120	0.48
ARGA0098	GLUA0103	-0.60
ARGA0098	GLUA0111	-0.70
ARGA0098	HISA0281	0.54
ARGA0098	LYSA0131	0.88
ARGA0120	ARGA0098	0.49
ARGA0120	ARGA0123	0.44
ARGA0120	GLNA0456	-0.69
ARGA0120	GLUA0103	-1.43
ARGA0120	GLUA0111	-5.44
ARGA0120	LYSA0131	0.60
ARGA0123	ARGA0120	0.46
ARGA0123	ARGA0126	0.76
ARGA0123	GLUA0103	-0.52
ARGA0123	GLUA0111	-0.47
ARGA0126	ARGA0123	0.82
ARGA0126	GLUA0103	-0.37
ARGA0126	TRPA0125	-0.44
ARGA0126	TYRA0100	0.68
ARGA0147	ARGA0064	0.48
ARGA0147	ARGA0340	0.64
ARGA0147	ASPA0054	-3.46
ARGA0147	GLUA0148	-1.99
ARGA0147	LYSA0131	0.52
ARGA0160	ARGA0174	0.95
ARGA0160	ASPA0118	-0.52
ARGA0160	ASPA0164	-3.55
ARGA0174	ARGA0160	0.91
ARGA0174	ASPA0118	-2.85
ARGA0174	ASPA0164	-0.41
ARGA0174	ASPA0171	-0.94
ARGA0174	HISA0175	1.00
ARGA0205	ARGA0028	1.12
ARGA0205	ARGA0403	0.50
ARGA0205	ARGB0028	1.82
ARGA0205	ARGB0205	2.65
ARGA0205	ARGB0403	0.37
ARGA0205	ASPA0029	-0.97
ARGA0205	ASPB0029	-1.48
ARGA0205	GLUA0117	-0.62
ARGA0205	GLUA0172	-0.45
ARGA0205	GLUA0202	-1.35
ARGA0205	GLUB0172	-0.59
ARGA0205	GLUB0202	-0.97
ARGA0205	LYSA0216	0.50
ARGA0205	LYSB0216	1.43
ARGA0209	GLUA0117	-0.74
ARGA0209	HISA0175	0.39
ARGA0230	ASNA0191	-0.85
ARGA0230	ASPB0246	-0.45
ARGA0230	GLUA0414	-1.08
ARGA0282	ASPA0278	-0.75
ARGA0340	ARGA0147	0.58
ARGA0340	GLUA0148	-1.30
ARGA0403	ARGA0205	0.52
ARGA0403	ARGB0028	0.88
ARGA0403	ASPB0029	-2.35
ARGA0403	GLUA0202	-1.33
ARGA0403	LYSA0442	0.53
ARGA0403	LYSB0216	1.34
ARGA0451	LYSA0455	0.55
ARGB0018	GLUA0457	-0.93
ARGB0028	ARGA0028	0.41
ARGB0028	ARGA0205	1.90
ARGB0028	ARGA0403	0.93
ARGB0028	ARGB0205	1.07
ARGB0028	ASPB0029	-4.15
ARGB0028	GLNA0207	0.50
ARGB0028	GLUA0117	-1.22
ARGB0028	GLUA0202	-1.54
ARGB0028	GLUB0172	-0.81
ARGB0028	GLUB0202	-0.39
ARGB0028	LYSB0216	2.77
ARGB0064	ARGB0147	0.50
ARGB0064	ARGB0340	0.45
ARGB0064	GLNB0061	0.41
ARGB0064	GLUB0148	-0.40
ARGB0098	ARGB0120	0.44
ARGB0098	GLUB0103	-0.62
ARGB0098	GLUB0111	-0.65
ARGB0098	HISB0281	0.48
ARGB0098	LYSB0131	0.86
ARGB0098	LYSB0455	0.40
ARGB0120	ARGA0018	0.49
ARGB0120	ARGB0098	0.46
ARGB0120	ARGB0123	0.40
ARGB0120	GLNB0456	-0.39
ARGB0120	GLUB0103	-1.02
ARGB0120	GLUB0111	-4.95
ARGB0120	LYSB0131	0.57
ARGB0120	LYSB0455	0.37
ARGB0123	ARGB0120	0.46
ARGB0123	ARGB0126	0.41
ARGB0123	GLUB0103	-0.68
ARGB0123	GLUB0111	-0.47
ARGB0126	ARGB0123	0.58
ARGB0147	ARGB0064	0.52
ARGB0147	ARGB0340	0.61
ARGB0147	ASPB0054	-3.01
ARGB0147	GLUB0148	-1.68
ARGB0147	LYSB0131	0.48
ARGB0160	ARGB0174	1.00
ARGB0160	ASPB0118	-0.52
ARGB0160	ASPB0164	-3.47
ARGB0174	ARGB0160	0.97
ARGB0174	ASPB0118	-3.15
ARGB0174	ASPB0164	-0.39
ARGB0174	ASPB0171	-0.97
ARGB0205	ARGA0028	1.61
ARGB0205	ARGA0205	2.63
ARGB0205	ARGA0403	0.38
ARGB0205	ARGB0028	1.22
ARGB0205	ARGB0403	0.48
ARGB0205	ASPA0029	-1.27
ARGB0205	ASPB0029	-1.04
ARGB0205	GLUA0172	-0.56
ARGB0205	GLUA0202	-0.94
ARGB0205	GLUB0113	-0.52
ARGB0205	GLUB0172	-0.47
ARGB0205	GLUB0202	-1.25
ARGB0205	LYSA0216	0.65
ARGB0205	LYSB0216	1.04
ARGB0230	ASNB0191	-0.87
ARGB0230	ASPA0246	-0.82
ARGB0230	GLUB0414	-1.11
ARGB0230	HISB0234	0.58
ARGB0282	ASPB0278	-0.78
ARGB0340	ARGB0064	0.37
ARGB0340	ARGB0147	0.58
ARGB0340	GLUB0148	-1.33
ARGB0340	LYSB0131	0.37
ARGB0340	THRB0344	0.45
ARGB0403	ARGA0028	0.87
ARGB0403	ARGB0205	0.49
ARGB0403	ASNB0270	0.42
ARGB0403	ASPA0029	-2.63
ARGB0403	GLNB0437	0.55
ARGB0403	GLUB0113	-0.39
ARGB0403	GLUB0202	-1.32
ARGB0403	LYSA0216	0.73
ARGB0403	LYSB0442	0.53
ARGB0451	LYSB0442	0.37
ASPA0029	ARGA0028	-4.41
ASPA0029	ARGA0205	-0.91
ASPA0029	ARGB0205	-1.33
ASPA0029	ARGB0403	-2.21
ASPA0029	_CLB0467	0.45
ASPA0029	GLNB0437	-0.44
ASPA0029	GLUA0172	0.82
ASPA0029	GLUA0202	0.42
ASPA0029	GLUB0202	2.41
ASPA0029	GLUB0203	0.84
ASPA0029	LYSA0216	-3.07
ASPA0054	ARGA0147	-3.52
ASPA0054	GLUA0148	0.85
ASPA0118	ARGA0160	-0.38
ASPA0118	ARGA0174	-2.58
ASPA0118	ASPA0171	0.53
ASPA0118	GLUA0117	0.50
ASPA0118	HISA0175	-1.97
ASPA0164	ARGA0160	-4.43
ASPA0164	ARGA0174	-0.38
ASPA0164	TRPA0124	0.56
ASPA0171	ARGA0174	-1.27
ASPA0171	ASPA0118	0.60
ASPA0171	HISA0175	-0.75
ASPA0246	ARGB0230	-0.94
ASPA0246	GLNA0420	-0.37
ASPA0278	ARGA0282	-0.68
ASPA0278	ARGA0451	-0.41
ASPA0278	HISA0281	-0.38
ASPA0417	ARGA0230	-0.55
ASPA0417	ASPA0240	0.40
ASPA0417	GLNB0420	0.51
ASPA0417	GLUA0414	0.86
ASPA0417	GLUB0414	0.61
ASPA0417	LYSA0243	-0.64
ASPB0029	ARGA0205	-1.57
ASPB0029	ARGA0403	-2.24
ASPB0029	ARGB0028	-4.90
ASPB0029	ARGB0205	-0.94
ASPB0029	_CLA0467	0.46
ASPB0029	GLNA0207	0.40
ASPB0029	GLUA0117	0.52
ASPB0029	GLUA0202	2.46
ASPB0029	GLUB0172	0.77
ASPB0029	GLUB0202	0.43
ASPB0029	LYSB0216	-3.57
ASPB0054	ARGB0147	-3.47
ASPB0054	GLUB0148	0.83
ASPB0054	LYSB0055	-0.38
ASPB0118	ARGA0017	-0.48
ASPB0118	ARGB0160	-0.39
ASPB0118	ARGB0174	-3.01
ASPB0118	ARGB0209	-0.48
ASPB0118	ASPB0171	0.60
ASPB0118	GLUB0117	0.39
ASPB0118	HISB0175	-1.65
ASPB0164	ARGB0160	-4.49
ASPB0164	ARGB0174	-0.37
ASPB0164	TRPB0124	0.59
ASPB0171	ARGB0174	-1.01
ASPB0171	ASPB0118	0.58
ASPB0246	ARGA0230	-0.58
ASPB0278	ARGB0282	-0.81
ASPB0278	ARGB0451	-0.37
ASPB0417	ARGB0230	-0.63
ASPB0417	ASPA0417	0.40
ASPB0417	ASPB0240	0.41
ASPB0417	GLUA0414	0.69
ASPB0417	GLUB0414	1.13
ASPB0417	LYSA0243	-0.61
_CLA0466	ARGA0147	-1.45
_CLA0466	ARGA0340	-1.45
_CLA0466	ASPA0054	0.63
_CLA0466	GLUA0111	0.46
_CLA0466	GLUA0148	161.28
_CLA0466	GLUA0202	0.80
_CLA0466	GLUA0414	0.72
_CLA0466	LYSA0131	-2.68
_CLA0467	ARGA0098	-0.41
_CLA0467	ARGA0120	-0.42
_CLA0467	ARGA0147	-0.76
_CLA0467	ARGA0340	-0.98
_CLA0467	ARGA0403	-0.52
_CLA0467	ARGB0028	-0.80
_CLA0467	ASPA0054	0.37
_CLA0467	ASPB0029	0.43
_CLA0467	_CLA0466	2.93
_CLA0467	_CLA0468	2.09
_CLA0467	GLUA0111	0.77
_CLA0467	GLUA0148	3.42
_CLA0467	GLUA0202	1.05
_CLA0467	GLUA0203	0.47
_CLA0467	GLUA0414	0.71
_CLA0467	ILEA0356	-0.41
_CLA0467	LYSA0131	-3.55
_CLA0467	PHEA0357	-0.43
_CLA0467	SERA0107	-3.38
_CLA0467	TYRA0445	-2.57
_CLA0468	ARGA0098	-1.08
_CLA0468	ARGA0120	-1.01
_CLA0468	ARGA0451	-0.53
_CLA0468	_CLA0467	2.09
_CLA0468	GLUA0103	0.64
_CLA0468	GLUA0111	1.86
_CLA0468	GLUA0148	0.40
_CLA0468	HISA0281	-0.65
_CLA0468	ILEA0448	-0.56
_CLA0468	LYSA0131	-2.39
_CLA0468	PROA0110	-0.60
_CLB0466	ARGA0028	-0.45
_CLB0466	ARGB0147	-1.58
_CLB0466	ARGB0340	-1.29
_CLB0466	ASPB0054	0.63
_CLB0466	_CLB0467	10.85
_CLB0466	_CLB0468	1.12
_CLB0466	GLUB0111	0.47
_CLB0466	GLUB0148	4.90
_CLB0466	GLUB0202	0.70
_CLB0466	GLUB0203	0.44
_CLB0466	GLUB0414	0.69
_CLB0466	LYSB0131	-3.22
_CLB0466	SERB0107	-0.92
_CLB0466	THRB0151	-0.56
_CLB0467	ARGA0028	-0.84
_CLB0467	ARGB0098	-0.39
_CLB0467	ARGB0120	-0.39
_CLB0467	ARGB0147	-0.78
_CLB0467	ARGB0340	-0.98
_CLB0467	ARGB0403	-0.53
_CLB0467	ASPA0029	0.44
_CLB0467	_CLB0466	7.74
_CLB0467	_CLB0468	2.05
_CLB0467	GLNB0153	0.37
_CLB0467	GLUB0111	0.74
_CLB0467	GLUB0148	1.38
_CLB0467	GLUB0202	1.05
_CLB0467	GLUB0203	0.85
_CLB0467	GLUB0414	0.74
_CLB0467	ILEB0109	-0.49
_CLB0467	ILEB0356	-0.38
_CLB0467	LYSB0131	-3.47
_CLB0467	PHEB0357	-0.41
_CLB0467	SERB0107	-3.94
_CLB0467	TYRB0445	-2.26
_CLB0468	ARGB0098	-1.01
_CLB0468	ARGB0120	-0.84
_CLB0468	_CLB0466	0.80
_CLB0468	_CLB0467	2.05
_CLB0468	GLUB0103	0.67
_CLB0468	GLUB0111	1.55
_CLB0468	HISB0281	-0.62
_CLB0468	ILEB0448	-0.65
_CLB0468	LYSB0131	-1.98
_CLB0468	LYSB0455	-0.75
_CLB0468	PHEB0348	-0.54
_CLB0468	PROB0110	-0.41
CYSA0085	ARGA0064	-1.11
CYSB0085	ARGB0064	-0.88
GLUA0027	LYSA0030	-0.79
GLUA0027	LYSB0442	-0.46
GLUA0103	ARGA0098	-0.62
GLUA0103	ARGA0120	-1.51
GLUA0103	GLUA0111	1.95
GLUA0103	LYSA0131	-0.64
GLUA0103	PROA0102	-0.43
GLUA0103	PROA0121	0.53
GLUA0111	ARGA0098	-0.80
GLUA0111	ARGA0120	-5.35
GLUA0111	ARGA0123	-0.39
GLUA0111	ARGA0451	-0.38
GLUA0111	_CLA0467	0.85
GLUA0111	_CLA0468	2.21
GLUA0111	GLNA0153	-0.39
GLUA0111	GLUA0103	1.40
GLUA0111	HISA0281	-0.45
GLUA0111	LYSA0131	-1.50
GLUA0113	ARGA0120	-0.63
GLUA0113	ARGA0205	-1.14
GLUA0113	ARGA0403	-0.75
GLUA0113	ARGB0028	-1.82
GLUA0113	ARGB0205	-0.52
GLUA0113	ASPB0029	1.21
GLUA0113	GLNA0207	0.47
GLUA0113	GLUA0111	0.88
GLUA0113	GLUA0117	2.87
GLUA0113	GLUA0148	0.80
GLUA0113	GLUA0202	1.44
GLUA0113	GLUA0203	1.31
GLUA0113	GLUA0414	0.49
GLUA0113	HISA0175	-0.43
GLUA0113	LYSA0131	-0.91
GLUA0113	LYSB0216	-0.66
GLUA0113	TYRA0445	-0.38
GLUA0117	ARGA0205	-0.72
GLUA0117	ARGA0209	-0.79
GLUA0117	ARGB0028	-1.53
GLUA0117	ARGB0205	-0.37
GLUA0117	ASPA0118	0.62
GLUA0117	ASPB0029	0.55
GLUA0117	_CLA0467	0.41
GLUA0117	GLNA0207	-0.61
GLUA0117	GLUA0202	0.48
GLUA0117	GLUA0203	0.39
GLUA0117	HISA0175	-0.73
GLUA0117	LYSB0216	-0.41
GLUA0148	ARGA0064	-0.37
GLUA0148	ARGA0147	-2.17
GLUA0148	ARGA0340	-1.27
GLUA0148	ASPA0054	0.93
GLUA0148	GLUA0202	0.73
GLUA0148	GLUA0414	0.92
GLUA0148	LYSA0131	-1.31
GLUA0172	ARGA0028	-0.86
GLUA0172	ARGA0205	-0.40
GLUA0172	ARGB0205	-0.53
GLUA0172	ASPA0029	0.80
GLUA0172	GLUB0202	0.54
GLUA0172	LYSA0216	-0.57
GLUA0202	ARGA0028	-0.42
GLUA0202	ARGA0205	-1.55
GLUA0202	ARGA0403	-1.40
GLUA0202	ARGB0028	-2.28
GLUA0202	ARGB0205	-1.02
GLUA0202	ASPA0029	0.43
GLUA0202	ASPB0029	2.69
GLUA0202	_CLA0467	0.89
GLUA0202	GLUA0117	0.44
GLUA0202	GLUA0148	0.44
GLUA0202	GLUA0203	0.50
GLUA0202	GLUA0414	1.18
GLUA0202	GLUB0172	0.55
GLUA0202	GLUB0202	0.81
GLUA0202	GLUB0414	0.99
GLUA0202	LYSB0216	-2.08
GLUA0202	THRA0407	-1.43
GLUA0203	ARGA0205	-1.30
GLUA0203	ARGA0403	-1.56
GLUA0203	ARGB0028	-2.82
GLUA0203	ARGB0205	-0.68
GLUA0203	ASPB0029	2.60
GLUA0203	GLNA0207	1.24
GLUA0203	GLUA0111	0.43
GLUA0203	GLUA0117	1.55
GLUA0203	GLUA0148	0.85
GLUA0203	GLUA0202	3.16
GLUA0203	GLUA0414	0.67
GLUA0203	GLUB0172	0.42
GLUA0203	GLUB0202	0.43
GLUA0203	LYSA0131	-0.59
GLUA0203	LYSB0216	-1.24
GLUA0235	ARGA0230	-0.39
GLUA0414	ARGA0205	-0.38
GLUA0414	ARGA0230	-1.05
GLUA0414	GLUA0148	0.94
GLUA0414	GLUA0202	1.47
GLUA0414	GLUB0202	0.95
GLUA0414	GLUB0414	1.63
GLUA0414	TYRB0419	-1.11
GLUA0457	ARGB0019	-0.84
GLUB0027	LYSA0442	-0.52
GLUB0027	LYSB0030	-1.17
GLUB0103	ARGB0098	-0.64
GLUB0103	ARGB0120	-1.28
GLUB0103	GLUB0111	1.65
GLUB0103	LYSB0131	-0.61
GLUB0111	ARGB0098	-0.73
GLUB0111	ARGB0120	-6.01
GLUB0111	ARGB0123	-0.38
GLUB0111	_CLB0467	0.76
GLUB0111	_CLB0468	1.68
GLUB0111	GLUB0103	1.30
GLUB0111	HISB0281	-0.40
GLUB0111	LYSB0131	-1.34
GLUB0111	LYSB0455	-0.58
GLUB0113	ARGA0028	-4.42
GLUB0113	ARGA0205	-0.51
GLUB0113	ARGB0120	-0.66
GLUB0113	ARGB0205	-1.19
GLUB0113	ARGB0403	-0.72
GLUB0113	ASPA0029	1.28
GLUB0113	_CLB0466	0.57
GLUB0113	_CLB0467	1.59
GLUB0113	_CLB0468	0.80
GLUB0113	GLNB0207	-1.04
GLUB0113	GLUB0111	0.82
GLUB0113	GLUB0117	1.53
GLUB0113	GLUB0202	1.20
GLUB0113	GLUB0203	3.56
GLUB0113	GLUB0414	0.39
GLUB0113	LYSA0216	-0.60
GLUB0113	LYSB0131	-0.70
GLUB0113	METB0204	0.45
GLUB0113	SERB0446	-1.12
GLUB0117	ARGA0017	-0.47
GLUB0117	ARGA0028	-1.15
GLUB0117	ARGA0205	-0.38
GLUB0117	ARGB0120	-0.37
GLUB0117	ARGB0205	-0.98
GLUB0117	ARGB0209	-0.75
GLUB0117	ASPA0029	0.59
GLUB0117	ASPB0118	0.69
GLUB0117	GLUB0113	1.53
GLUB0117	GLUB0202	0.51
GLUB0148	ARGB0064	-0.38
GLUB0148	ARGB0147	-2.15
GLUB0148	ARGB0340	-1.32
GLUB0148	ASPB0054	0.84
GLUB0148	_CLB0466	7.60
GLUB0148	_CLB0467	5.02
GLUB0148	_CLB0468	0.54
GLUB0148	GLUB0202	0.72
GLUB0148	GLUB0414	0.90
GLUB0148	LYSB0131	-1.42
GLUB0172	ARGA0205	-0.57
GLUB0172	ARGB0028	-0.63
GLUB0172	ARGB0205	-0.42
GLUB0172	ASPB0029	0.80
GLUB0172	GLUA0202	0.47
GLUB0172	LYSB0216	-1.08
GLUB0202	ARGA0028	-2.29
GLUB0202	ARGA0205	-1.05
GLUB0202	ARGB0028	-0.42
GLUB0202	ARGB0205	-1.38
GLUB0202	ARGB0403	-1.39
GLUB0202	ASPA0029	2.79
GLUB0202	ASPB0029	0.43
GLUB0202	_CLB0466	0.42
GLUB0202	_CLB0467	0.90
GLUB0202	GLUA0172	0.65
GLUB0202	GLUA0202	0.79
GLUB0202	GLUA0414	0.94
GLUB0202	GLUB0203	1.10
GLUB0202	GLUB0414	1.17
GLUB0202	LYSA0216	-1.82
GLUB0202	LYSB0216	-0.38
GLUB0202	THRB0407	-1.49
GLUB0203	ARGA0028	-2.96
GLUB0203	ARGA0205	-0.70
GLUB0203	ARGB0205	-1.26
GLUB0203	ARGB0403	-1.49
GLUB0203	ASPA0029	2.58
GLUB0203	GLNB0207	-1.83
GLUB0203	GLUA0172	0.45
GLUB0203	GLUA0202	0.42
GLUB0203	GLUB0111	0.42
GLUB0203	GLUB0113	3.38
GLUB0203	GLUB0148	0.82
GLUB0203	GLUB0202	3.05
GLUB0203	GLUB0414	0.65
GLUB0203	LYSA0216	-0.66
GLUB0203	LYSB0131	-0.56
GLUB0203	TYRB0445	-0.45
GLUB0235	HISB0234	-0.44
GLUB0414	ARGB0205	-0.37
GLUB0414	ARGB0230	-1.06
GLUB0414	GLUA0202	0.96
GLUB0414	GLUA0414	1.63
GLUB0414	GLUB0148	0.95
GLUB0414	GLUB0202	1.50
GLUB0414	TYRA0419	-1.18
GLUB0457	ARGA0018	-0.75
HISA0175	ARGA0160	0.45
HISA0175	ARGA0174	1.53
HISA0175	ARGA0205	0.41
HISA0175	ARGA0209	0.38
HISA0175	ARGB0205	0.37
HISA0175	ASPA0118	-2.29
HISA0175	ASPA0171	-1.24
HISA0175	GLUA0117	-0.68
HISA0175	GLUA0172	-0.42
HISA0281	ARGA0098	0.60
HISA0281	ARGA0451	0.52
HISA0281	ASPA0278	-0.37
HISA0281	_CLA0468	-0.63
HISA0281	GLUA0111	-0.41
HISA0284	ARGA0098	1.12
HISA0284	_CLA0468	-0.61
HISA0284	HISA0281	1.84
HISA0284	LYSA0131	0.37
HISB0175	ARGA0205	0.42
HISB0175	ARGB0028	0.38
HISB0175	ARGB0160	0.43
HISB0175	ARGB0174	1.53
HISB0175	ARGB0205	0.58
HISB0175	ARGB0209	0.45
HISB0175	ASPB0118	-2.85
HISB0175	ASPB0171	-1.03
HISB0175	GLUB0172	-0.42
HISB0175	LYSB0216	0.38
HISB0234	ARGB0230	0.49
HISB0281	ARGB0098	0.61
HISB0281	_CLB0468	-0.65
HISB0281	GLUB0111	-0.39
HISB0281	LYSB0455	0.67
HISB0284	ARGB0098	1.10
HISB0284	_CLB0468	-0.60
HISB0284	HISB0281	1.71
HISB0284	LYSB0455	0.38
LYSA0055	ASPA0054	-0.44
LYSA0131	ARGA0098	0.84
LYSA0131	ARGA0120	0.63
LYSA0131	ARGA0147	0.55
LYSA0131	GLNA0153	-3.07
LYSA0131	GLUA0103	-0.68
LYSA0131	GLUA0111	-1.29
LYSA0131	GLUA0148	-1.46
LYSA0216	ARGA0028	1.64
LYSA0216	ARGA0205	0.90
LYSA0216	ARGB0205	1.25
LYSA0216	ARGB0403	1.55
LYSA0216	ASPA0029	-3.94
LYSA0216	GLNB0437	0.75
LYSA0216	GLUA0172	-1.16
LYSA0216	GLUA0202	-0.39
LYSA0216	GLUB0202	-1.67
LYSA0216	GLUB0203	-0.40
LYSA0216	THRA0031	-0.76
LYSA0243	LYSB0243	0.40
LYSA0442	ARGA0403	0.59
LYSA0455	ARGA0451	0.47
LYSB0030	GLUB0027	-0.60
LYSB0055	ASPB0054	-0.48
LYSB0131	ARGB0098	0.81
LYSB0131	ARGB0120	0.61
LYSB0131	ARGB0147	0.55
LYSB0131	ARGB0340	0.37
LYSB0131	GLNB0153	-3.17
LYSB0131	GLUB0103	-0.65
LYSB0131	GLUB0111	-1.24
LYSB0131	GLUB0113	-0.46
LYSB0131	GLUB0148	-1.49
LYSB0131	THRB0138	0.38
LYSB0216	ARGA0205	1.58
LYSB0216	ARGA0403	1.58
LYSB0216	ARGB0028	1.82
LYSB0216	ARGB0205	1.01
LYSB0216	ASPB0029	-4.38
LYSB0216	GLNA0207	-0.42
LYSB0216	GLNA0437	-0.39
LYSB0216	GLUA0202	-1.83
LYSB0216	GLUB0172	-1.07
LYSB0216	GLUB0202	-0.40
LYSB0216	THRB0031	-0.52
LYSB0243	LYSA0243	0.38
LYSB0290	ASNB0287	0.37
LYSB0442	ARGB0403	0.60
LYSB0442	ARGB0451	0.38
LYSB0455	ARGB0098	0.38
LYSB0455	GLUB0111	-0.38
LYSB0455	HISB0281	0.44
TYRA0094	ARGA0064	-0.37
TYRA0094	ARGA0098	-1.30
TYRA0094	ARGA0340	-0.41
TYRA0094	GLUA0111	0.42
TYRA0094	GLUA0148	0.43
TYRA0094	LYSA0131	-1.21
TYRA0094	SERA0350	-0.83
TYRA0100	LYSA0099	-0.44
TYRA0210	ARGA0028	-1.41
TYRA0210	ARGA0205	-0.96
TYRA0210	ARGB0028	-0.39
TYRA0210	ARGB0205	-1.46
TYRA0210	ARGB0403	-0.45
TYRA0210	ASPA0029	1.22
TYRA0210	GLUA0172	0.78
TYRA0210	GLUB0202	0.86
TYRA0210	LYSA0216	-0.69
TYRA0229	ARGA0147	-1.22
TYRA0229	ARGA0230	-1.09
TYRA0229	ASNA0191	0.51
TYRA0229	ASNA0233	-0.71
TYRA0229	ASPA0054	1.64
TYRA0229	GLUA0148	0.78
TYRA0229	GLUA0414	0.69
TYRA0255	ARGB0230	-0.41
TYRA0255	ASPA0246	0.37
TYRA0255	GLUB0414	0.38
TYRA0255	THRA0388	0.50
TYRA0419	ARGB0230	-1.65
TYRA0419	ASPA0246	0.44
TYRA0419	ASPA0417	0.37
TYRA0419	GLUA0202	0.55
TYRA0419	GLUA0414	1.04
TYRA0419	GLUB0148	0.43
TYRA0419	GLUB0202	0.55
TYRA0419	GLUB0414	9.02
TYRA0445	ARGA0120	-0.41
TYRA0445	ARGA0147	-0.47
TYRA0445	ARGA0205	-0.56
TYRA0445	ARGA0340	-0.73
TYRA0445	ARGA0403	-0.95
TYRA0445	ARGB0028	-0.75
TYRA0445	ASPB0029	0.84
TYRA0445	GLUA0111	0.71
TYRA0445	GLUA0117	0.67
TYRA0445	GLUA0148	3.03
TYRA0445	GLUA0202	1.84
TYRA0445	GLUA0414	0.88
TYRA0445	LYSA0131	-1.78
TYRA0445	LYSB0216	-0.46
TYRA0445	SERA0107	-0.86
TYRB0094	ALAB0352	-0.43
TYRB0094	ARGB0098	-1.34
TYRB0094	ARGB0340	-0.40
TYRB0094	GLUB0111	0.41
TYRB0094	GLUB0148	0.43
TYRB0094	LYSB0131	-1.20
TYRB0100	LYSB0099	-0.60
TYRB0210	ARGA0028	-0.43
TYRB0210	ARGA0205	-1.59
TYRB0210	ARGA0403	-0.47
TYRB0210	ARGB0028	-1.51
TYRB0210	ARGB0205	-1.13
TYRB0210	ASPB0029	1.37
TYRB0210	GLUA0117	0.45
TYRB0210	GLUA0202	0.93
TYRB0210	GLUB0172	0.77
TYRB0210	GLUB0202	0.40
TYRB0210	LYSB0216	-1.34
TYRB0229	ARGB0147	-1.19
TYRB0229	ARGB0230	-1.20
TYRB0229	ASNB0191	0.44
TYRB0229	ASNB0233	-1.01
TYRB0229	ASPB0054	1.45
TYRB0229	GLUB0148	0.77
TYRB0229	GLUB0414	0.74
TYRB0255	ARGA0230	-0.43
TYRB0255	GLUA0414	0.42
TYRB0255	THRB0388	0.80
TYRB0419	ARGA0230	-1.60
TYRB0419	ASPA0417	0.39
TYRB0419	GLUA0148	0.42
TYRB0419	GLUA0202	0.54
TYRB0419	GLUA0414	8.99
TYRB0419	GLUB0202	0.54
TYRB0419	GLUB0414	1.05
TYRB0445	ARGA0028	-0.74
TYRB0445	ARGB0120	-0.40
TYRB0445	ARGB0147	-0.49
TYRB0445	ARGB0205	-0.54
TYRB0445	ARGB0340	-0.72
TYRB0445	ARGB0403	-0.93
TYRB0445	ASPA0029	0.81
TYRB0445	GLUB0111	0.68
TYRB0445	GLUB0113	2.38
TYRB0445	GLUB0148	3.17
TYRB0445	GLUB0202	1.76
TYRB0445	GLUB0203	0.57
TYRB0445	GLUB0414	0.89
TYRB0445	LYSB0131	-1.81
TYRB0445	SERB0107	-1.36
